[35m[Appium][39m Welcome to Appium v1.22.3
[35m[Appium][39m Non-default server args:
[35m[Appium][39m   port: 60508
[35m[Appium][39m   loglevel: info
[35m[Appium][39m   tmpDir: C:\Users\Testing\AppData\Local\Temp\\Katalon\Appium\Temp1695042505468
[35m[Appium][39m   chromedriverPort: 60509
[35m[Appium][39m Deprecated server args:
[35m[Appium][39m   [31m--chromedriver-port[39m => --default-capabilities
[35m[Appium][39m Default capabilities, which will be added to each request unless overridden by desired capabilities:
[35m[Appium][39m   chromedriverPort: 60509
[35m[Appium][39m Appium REST http interface listener started on 0.0.0.0:60508
[35m[HTTP][39m [37m-->[39m [37mGET[39m [37m/wd/hub/status[39m
[35m[HTTP][39m [90m{}[39m
[35m[HTTP][39m [37m<-- GET /wd/hub/status [39m[32m200[39m [90m5 ms - 68[39m
[35m[HTTP][39m [90m[39m
[35m[HTTP][39m [37m-->[39m [37mGET[39m [37m/wd/hub/status[39m
[35m[HTTP][39m [90m{}[39m
[35m[HTTP][39m [37m<-- GET /wd/hub/status [39m[32m200[39m [90m1 ms - 68[39m
[35m[HTTP][39m [90m[39m
[35m[HTTP][39m [37m-->[39m [37mPOST[39m [37m/wd/hub/session[39m
[35m[HTTP][39m [90m{"desiredCapabilities":{"appActivity":".Settings","appPackage":"com.android.settings","newCommandTimeout":1800,"platformVersion":"11","automationName":"uiautomator2","autoGrantPermissions":true,"platformName":"Android","udid":"R9WN40KBXDJ","deviceName":"samsung SM-A107M (Android 11)","platform":"ANDROID","systemPort":8236},"capabilities":{"firstMatch":[{"appium:appActivity":".Settings","appium:appPackage":"com.android.settings","appium:autoGrantPermissions":true,"appium:automationName":"uiautomator2","appium:deviceName":"samsung SM-A107M (Android 11)","appium:newCommandTimeout":1800,"platform":"ANDROID","platformName":"android","appium:platformVersion":"11","appium:systemPort":8236,"appium:udid":"R9WN40KBXDJ"}]}}[39m
[35m[BaseDriver][39m The following capabilities are not standard capabilities and should have an extension prefix:
[35m[BaseDriver][39m   platform
[35m[BaseDriver][39m   chromedriverPort
[35m[Appium][39m Appium v1.22.3 creating new AndroidUiautomator2Driver (v1.70.1) session
[35m[BaseDriver][39m The following capabilities were provided, but are not recognized by Appium:
[35m[BaseDriver][39m   platform
[35m[BaseDriver][39m Session created with session id: ddbc1004-fe96-4071-9d82-77795c18cfc9
[35m[UiAutomator2][39m Starting 'com.android.settings' directly on the device
[35m[ADB][39m Found 1 'build-tools' folders under 'C:\Users\Testing\.katalon\tools\android_sdk' (newest first):
[35m[ADB][39m     C:/Users/Testing/.katalon/tools/android_sdk/build-tools/29.0.3
[35m[ADB][39m Using 'adb.exe' from 'C:\Users\Testing\.katalon\tools\android_sdk\platform-tools\adb.exe'
[35m[AndroidDriver][39m Retrieving device list
[35m[AndroidDriver][39m Using device: R9WN40KBXDJ
[35m[ADB][39m Using 'adb.exe' from 'C:\Users\Testing\.katalon\tools\android_sdk\platform-tools\adb.exe'
[35m[ADB][39m Getting device platform version
[35m[UiAutomator2][39m Relaxing hidden api policy
[35m[AndroidDriver][39m No app sent in, not parsing package/activity
[35m[ADB][39m Using 'apksigner.jar' from 'C:\Users\Testing\.katalon\tools\android_sdk\build-tools\29.0.3\lib\apksigner.jar'
[35m[ADB][39m 'C:\Users\Testing\AppData\Roaming\npm\node_modules\appium\node_modules\appium-uiautomator2-server\apks\appium-uiautomator2-server-v4.27.0.apk' is signed with the default certificate
[35m[ADB][39m 'C:\Users\Testing\AppData\Roaming\npm\node_modules\appium\node_modules\appium-uiautomator2-server\apks\appium-uiautomator2-server-debug-androidTest.apk' is signed with the default certificate
[35m[UiAutomator2][39m Server packages are not going to be (re)installed
[35m[ADB][39m Adding packages ["io.appium.settings","io.appium.uiautomator2.server","io.appium.uiautomator2.server.test"] to Doze whitelist
[35m[UiAutomator2][39m Starting UIAutomator2 server 4.27.0
[35m[UiAutomator2][39m Using UIAutomator2 server from 'C:\Users\Testing\AppData\Roaming\npm\node_modules\appium\node_modules\appium-uiautomator2-server\apks\appium-uiautomator2-server-v4.27.0.apk' and test from 'C:\Users\Testing\AppData\Roaming\npm\node_modules\appium\node_modules\appium-uiautomator2-server\apks\appium-uiautomator2-server-debug-androidTest.apk'
[35m[UiAutomator2][39m Waiting up to 30000ms for UiAutomator2 to be online...
[35m[WD Proxy][39m socket hang up
[35m[WD Proxy][39m socket hang up
[35m[WD Proxy][39m socket hang up
[35m[WD Proxy][39m socket hang up
[35m[WD Proxy][39m socket hang up
[35m[WD Proxy][39m socket hang up
[35m[WD Proxy][39m socket hang up
[35m[WD Proxy][39m Determined the downstream protocol as 'W3C'
[35m[AndroidDriver][39m Screen already unlocked, doing nothing
[35m[UiAutomator2][39m Starting 'com.android.settings/.Settings and waiting for 'com.android.settings/.Settings'
[35m[Appium][39m New AndroidUiautomator2Driver session created successfully, session ddbc1004-fe96-4071-9d82-77795c18cfc9 added to master session list
[35m[HTTP][39m [37m<-- POST /wd/hub/session [39m[32m200[39m [90m14091 ms - 1155[39m
[35m[HTTP][39m [90m[39m
[35m[HTTP][39m [37m-->[39m [37mGET[39m [37m/wd/hub/session/ddbc1004-fe96-4071-9d82-77795c18cfc9[39m
[35m[HTTP][39m [90m{}[39m
[35m[HTTP][39m [37m<-- GET /wd/hub/session/ddbc1004-fe96-4071-9d82-77795c18cfc9 [39m[32m200[39m [90m26 ms - 1109[39m
[35m[HTTP][39m [90m[39m
[35m[HTTP][39m [37m-->[39m [37mGET[39m [37m/wd/hub/session/ddbc1004-fe96-4071-9d82-77795c18cfc9[39m
[35m[HTTP][39m [90m{}[39m
[35m[HTTP][39m [37m<-- GET /wd/hub/session/ddbc1004-fe96-4071-9d82-77795c18cfc9 [39m[32m200[39m [90m24 ms - 1109[39m
[35m[HTTP][39m [90m[39m
[35m[HTTP][39m [37m-->[39m [37mGET[39m [37m/wd/hub/status[39m
[35m[HTTP][39m [90m{}[39m
[35m[HTTP][39m [37m<-- GET /wd/hub/status [39m[32m200[39m [90m1 ms - 68[39m
[35m[HTTP][39m [90m[39m
[35m[HTTP][39m [37m-->[39m [37mPOST[39m [37m/wd/hub/session/ddbc1004-fe96-4071-9d82-77795c18cfc9/timeouts[39m
[35m[HTTP][39m [90m{"implicit":60000}[39m
[35m[HTTP][39m [37m<-- POST /wd/hub/session/ddbc1004-fe96-4071-9d82-77795c18cfc9/timeouts [39m[32m200[39m [90m3 ms - 14[39m
[35m[HTTP][39m [90m[39m
[35m[HTTP][39m [37m-->[39m [37mGET[39m [37m/wd/hub/session/ddbc1004-fe96-4071-9d82-77795c18cfc9/screenshot[39m
[35m[HTTP][39m [90m{}[39m
[35m[HTTP][39m [37m<-- GET /wd/hub/session/ddbc1004-fe96-4071-9d82-77795c18cfc9/screenshot [39m[32m200[39m [90m929 ms - 145048[39m
[35m[HTTP][39m [90m[39m
[35m[HTTP][39m [37m-->[39m [37mGET[39m [37m/wd/hub/session/ddbc1004-fe96-4071-9d82-77795c18cfc9/window/rect[39m
[35m[HTTP][39m [90m{}[39m
[35m[HTTP][39m [37m<-- GET /wd/hub/session/ddbc1004-fe96-4071-9d82-77795c18cfc9/window/rect [39m[32m200[39m [90m43 ms - 49[39m
[35m[HTTP][39m [90m[39m
[35m[HTTP][39m [37m-->[39m [37mGET[39m [37m/wd/hub/session/ddbc1004-fe96-4071-9d82-77795c18cfc9/appium/device/system_bars[39m
[35m[HTTP][39m [90m{}[39m
[35m[HTTP][39m [37m<-- GET /wd/hub/session/ddbc1004-fe96-4071-9d82-77795c18cfc9/appium/device/system_bars [39m[32m200[39m [90m180 ms - 145[39m
[35m[HTTP][39m [90m[39m
[35m[HTTP][39m [37m-->[39m [37mPOST[39m [37m/wd/hub/session/ddbc1004-fe96-4071-9d82-77795c18cfc9/appium/device/activate_app[39m
[35m[HTTP][39m [90m{"bundleId":"com.naposystems.napoleonchat"}[39m
[35m[HTTP][39m [37m<-- POST /wd/hub/session/ddbc1004-fe96-4071-9d82-77795c18cfc9/appium/device/activate_app [39m[32m200[39m [90m1374 ms - 14[39m
[35m[HTTP][39m [90m[39m
[35m[HTTP][39m [37m-->[39m [37mGET[39m [37m/wd/hub/session/ddbc1004-fe96-4071-9d82-77795c18cfc9/source[39m
[35m[HTTP][39m [90m{}[39m
[35m[W3C (ddbc1004)][39m Driver proxy active, passing request on via HTTP proxy
[35m[WD Proxy][39m Replacing sessionId c655dccb-4cfd-458b-b02a-a25c477c1487 with ddbc1004-fe96-4071-9d82-77795c18cfc9
[35m[HTTP][39m [37m<-- GET /wd/hub/session/ddbc1004-fe96-4071-9d82-77795c18cfc9/source [39m[32m200[39m [90m1422 ms - 19930[39m
[35m[HTTP][39m [90m[39m
[35m[HTTP][39m [37m-->[39m [37mGET[39m [37m/wd/hub/session/ddbc1004-fe96-4071-9d82-77795c18cfc9/screenshot[39m
[35m[HTTP][39m [90m{}[39m
[35m[HTTP][39m [37m<-- GET /wd/hub/session/ddbc1004-fe96-4071-9d82-77795c18cfc9/screenshot [39m[32m200[39m [90m681 ms - 101942[39m
[35m[HTTP][39m [90m[39m
[35m[HTTP][39m [37m-->[39m [37mGET[39m [37m/wd/hub/session/ddbc1004-fe96-4071-9d82-77795c18cfc9/source[39m
[35m[HTTP][39m [90m{}[39m
[35m[W3C (ddbc1004)][39m Driver proxy active, passing request on via HTTP proxy
[35m[WD Proxy][39m Replacing sessionId c655dccb-4cfd-458b-b02a-a25c477c1487 with ddbc1004-fe96-4071-9d82-77795c18cfc9
[35m[HTTP][39m [37m<-- GET /wd/hub/session/ddbc1004-fe96-4071-9d82-77795c18cfc9/source [39m[32m200[39m [90m218 ms - 23065[39m
[35m[HTTP][39m [90m[39m
[35m[HTTP][39m [37m-->[39m [37mGET[39m [37m/wd/hub/session/ddbc1004-fe96-4071-9d82-77795c18cfc9/screenshot[39m
[35m[HTTP][39m [90m{}[39m
[35m[HTTP][39m [37m<-- GET /wd/hub/session/ddbc1004-fe96-4071-9d82-77795c18cfc9/screenshot [39m[32m200[39m [90m632 ms - 101174[39m
[35m[HTTP][39m [90m[39m
[35m[HTTP][39m [37m-->[39m [37mGET[39m [37m/wd/hub/session/ddbc1004-fe96-4071-9d82-77795c18cfc9/source[39m
[35m[HTTP][39m [90m{}[39m
[35m[W3C (ddbc1004)][39m Driver proxy active, passing request on via HTTP proxy
[35m[WD Proxy][39m Replacing sessionId c655dccb-4cfd-458b-b02a-a25c477c1487 with ddbc1004-fe96-4071-9d82-77795c18cfc9
[35m[HTTP][39m [37m<-- GET /wd/hub/session/ddbc1004-fe96-4071-9d82-77795c18cfc9/source [39m[32m200[39m [90m462 ms - 60208[39m
[35m[HTTP][39m [90m[39m
[35m[HTTP][39m [37m-->[39m [37mGET[39m [37m/wd/hub/session/ddbc1004-fe96-4071-9d82-77795c18cfc9/screenshot[39m
[35m[HTTP][39m [90m{}[39m
[35m[HTTP][39m [37m<-- GET /wd/hub/session/ddbc1004-fe96-4071-9d82-77795c18cfc9/screenshot [39m[32m200[39m [90m703 ms - 99150[39m
[35m[HTTP][39m [90m[39m
[35m[HTTP][39m [37m-->[39m [37mPOST[39m [37m/wd/hub/session/ddbc1004-fe96-4071-9d82-77795c18cfc9/elements[39m
[35m[HTTP][39m [90m{"using":"xpath","value":"//*[@class = 'android.widget.ImageView' and @resource-id = 'com.google.android.documentsui:id/icon_thumb' and (@text = '' or . = '')]"}[39m
[35m[HTTP][39m [37m<-- POST /wd/hub/session/ddbc1004-fe96-4071-9d82-77795c18cfc9/elements [39m[32m200[39m [90m1266 ms - 779[39m
[35m[HTTP][39m [90m[39m
[35m[HTTP][39m [37m-->[39m [37mPOST[39m [37m/wd/hub/session/ddbc1004-fe96-4071-9d82-77795c18cfc9/elements[39m
[35m[HTTP][39m [90m{"using":"id","value":"com.google.android.documentsui:id/icon_thumb"}[39m
[35m[HTTP][39m [37m<-- POST /wd/hub/session/ddbc1004-fe96-4071-9d82-77795c18cfc9/elements [39m[32m200[39m [90m159 ms - 779[39m
[35m[HTTP][39m [90m[39m
[35m[HTTP][39m [37m-->[39m [37mPOST[39m [37m/wd/hub/session/ddbc1004-fe96-4071-9d82-77795c18cfc9/elements[39m
[35m[HTTP][39m [90m{"using":"-android uiautomator","value":"new UiSelector().className(\"android.widget.ImageView\").resourceId(\"com.google.android.documentsui:id/icon_thumb\")"}[39m
[35m[HTTP][39m [37m<-- POST /wd/hub/session/ddbc1004-fe96-4071-9d82-77795c18cfc9/elements [39m[32m200[39m [90m357 ms - 779[39m
[35m[HTTP][39m [90m[39m
[35m[HTTP][39m [37m-->[39m [37mGET[39m [37m/wd/hub/session/ddbc1004-fe96-4071-9d82-77795c18cfc9/window/rect[39m
[35m[HTTP][39m [90m{}[39m
[35m[HTTP][39m [37m<-- GET /wd/hub/session/ddbc1004-fe96-4071-9d82-77795c18cfc9/window/rect [39m[32m200[39m [90m20 ms - 49[39m
[35m[HTTP][39m [90m[39m
[35m[HTTP][39m [37m-->[39m [37mPOST[39m [37m/wd/hub/session/ddbc1004-fe96-4071-9d82-77795c18cfc9/elements[39m
[35m[HTTP][39m [90m{"using":"xpath","value":"//hierarchy/android.widget.FrameLayout[1]/android.widget.LinearLayout[1]/android.widget.FrameLayout[1]/android.widget.FrameLayout[1]/android.widget.FrameLayout[1]/android.view.ViewGroup[1]/androidx.drawerlayout.widget.DrawerLayout[1]/android.widget.ScrollView[1]/android.widget.FrameLayout[1]/android.widget.FrameLayout[2]/android.widget.LinearLayout[1]/android.view.ViewGroup[1]/android.widget.GridView[1]/androidx.cardview.widget.CardView[1]/androidx.cardview.widget.CardView[1]/android.widget.RelativeLayout[1]/android.widget.FrameLayout[1]/android.widget.ImageView[1]"}[39m
[35m[HTTP][39m [37m<-- POST /wd/hub/session/ddbc1004-fe96-4071-9d82-77795c18cfc9/elements [39m[32m200[39m [90m315 ms - 139[39m
[35m[HTTP][39m [90m[39m
[35m[HTTP][39m [37m-->[39m [37mGET[39m [37m/wd/hub/session/ddbc1004-fe96-4071-9d82-77795c18cfc9/element/00000000-0000-0048-ffff-ffff0000003d/location[39m
[35m[HTTP][39m [90m{}[39m
[35m[W3C (ddbc1004)][39m Driver proxy active, passing request on via HTTP proxy
[35m[WD Proxy][39m Replacing sessionId c655dccb-4cfd-458b-b02a-a25c477c1487 with ddbc1004-fe96-4071-9d82-77795c18cfc9
[35m[HTTP][39m [37m<-- GET /wd/hub/session/ddbc1004-fe96-4071-9d82-77795c18cfc9/element/00000000-0000-0048-ffff-ffff0000003d/location [39m[32m200[39m [90m32 ms - 77[39m
[35m[HTTP][39m [90m[39m
[35m[HTTP][39m [37m-->[39m [37mPOST[39m [37m/wd/hub/session/ddbc1004-fe96-4071-9d82-77795c18cfc9/element/00000000-0000-0048-ffff-ffff0000003d/click[39m
[35m[HTTP][39m [90m{"id":"00000000-0000-0048-ffff-ffff0000003d"}[39m
[35m[HTTP][39m [37m<-- POST /wd/hub/session/ddbc1004-fe96-4071-9d82-77795c18cfc9/element/00000000-0000-0048-ffff-ffff0000003d/click [39m[32m200[39m [90m87 ms - 14[39m
[35m[HTTP][39m [90m[39m
[35m[HTTP][39m [37m-->[39m [37mGET[39m [37m/wd/hub/session/ddbc1004-fe96-4071-9d82-77795c18cfc9/source[39m
[35m[HTTP][39m [90m{}[39m
[35m[W3C (ddbc1004)][39m Driver proxy active, passing request on via HTTP proxy
[35m[WD Proxy][39m Replacing sessionId c655dccb-4cfd-458b-b02a-a25c477c1487 with ddbc1004-fe96-4071-9d82-77795c18cfc9
[35m[HTTP][39m [37m<-- GET /wd/hub/session/ddbc1004-fe96-4071-9d82-77795c18cfc9/source [39m[32m200[39m [90m839 ms - 29234[39m
[35m[HTTP][39m [90m[39m
[35m[HTTP][39m [37m-->[39m [37mGET[39m [37m/wd/hub/session/ddbc1004-fe96-4071-9d82-77795c18cfc9/screenshot[39m
[35m[HTTP][39m [90m{}[39m
[35m[HTTP][39m [37m<-- GET /wd/hub/session/ddbc1004-fe96-4071-9d82-77795c18cfc9/screenshot [39m[32m200[39m [90m676 ms - 90128[39m
[35m[HTTP][39m [90m[39m
[35m[HTTP][39m [37m-->[39m [37mDELETE[39m [37m/wd/hub/session/ddbc1004-fe96-4071-9d82-77795c18cfc9[39m
[35m[HTTP][39m [90m{}[39m
[35m[Appium][39m Removing session ddbc1004-fe96-4071-9d82-77795c18cfc9 from our master session list
[35m[UiAutomator2][39m Restoring hidden api policy to the device default configuration
[35m[HTTP][39m [37m<-- DELETE /wd/hub/session/ddbc1004-fe96-4071-9d82-77795c18cfc9 [39m[32m200[39m [90m352 ms - 14[39m
[35m[HTTP][39m [90m[39m
